TN:
SF:/Users/jordan/Development/rareskills/week6/DEX1CaptureEtherForge/lib/forge-std/lib/ds-test/src/test.sol
DA:1,0
DA:18,0
DA:38,0
DA:42,0
DA:47,0
DA:48,0
DA:49,0
DA:51,0
DA:52,0
DA:53,0
DA:54,0
DA:55,0
DA:56,0
DA:59,0
DA:61,0
DA:81,0
DA:83,0
end_of_record

SF:/Users/jordan/Development/rareskills/week6/DEX1CaptureEtherForge/lib/forge-std/src/Base.sol
DA:9,0
end_of_record

SF:/Users/jordan/Development/rareskills/week6/DEX1CaptureEtherForge/lib/forge-std/src/Script.sol
DA:26,0
end_of_record

SF:/Users/jordan/Development/rareskills/week6/DEX1CaptureEtherForge/lib/forge-std/src/StdAssertions.sol
end_of_record

SF:/Users/jordan/Development/rareskills/week6/DEX1CaptureEtherForge/lib/forge-std/src/StdChains.sol
DA:66,0
end_of_record

SF:/Users/jordan/Development/rareskills/week6/DEX1CaptureEtherForge/lib/forge-std/src/StdCheats.sol
end_of_record

SF:/Users/jordan/Development/rareskills/week6/DEX1CaptureEtherForge/lib/forge-std/src/StdError.sol
DA:5,0
DA:6,0
DA:7,0
DA:8,0
DA:9,0
DA:10,0
DA:11,0
DA:12,0
DA:13,0
DA:14,0
end_of_record

SF:/Users/jordan/Development/rareskills/week6/DEX1CaptureEtherForge/lib/forge-std/src/StdInvariant.sol
DA:61,0
DA:62,0
DA:65,0
DA:66,0
DA:69,0
DA:70,0
DA:73,0
DA:74,0
DA:77,0
DA:78,0
DA:81,0
DA:82,0
DA:85,0
DA:86,0
DA:89,0
DA:90,0
end_of_record

SF:/Users/jordan/Development/rareskills/week6/DEX1CaptureEtherForge/lib/forge-std/src/StdJson.sol
DA:29,0
end_of_record

SF:/Users/jordan/Development/rareskills/week6/DEX1CaptureEtherForge/lib/forge-std/src/StdMath.sol
DA:4,0
end_of_record

SF:/Users/jordan/Development/rareskills/week6/DEX1CaptureEtherForge/lib/forge-std/src/StdStorage.sol
DA:16,0
DA:195,0
end_of_record

SF:/Users/jordan/Development/rareskills/week6/DEX1CaptureEtherForge/lib/forge-std/src/StdStyle.sol
DA:6,0
end_of_record

SF:/Users/jordan/Development/rareskills/week6/DEX1CaptureEtherForge/lib/forge-std/src/StdUtils.sol
end_of_record

SF:/Users/jordan/Development/rareskills/week6/DEX1CaptureEtherForge/lib/forge-std/src/Test.sol
end_of_record

SF:/Users/jordan/Development/rareskills/week6/DEX1CaptureEtherForge/lib/forge-std/src/Vm.sol
end_of_record

SF:/Users/jordan/Development/rareskills/week6/DEX1CaptureEtherForge/lib/forge-std/src/console.sol
DA:4,0
end_of_record

SF:/Users/jordan/Development/rareskills/week6/DEX1CaptureEtherForge/lib/forge-std/src/console2.sol
DA:9,0
end_of_record

SF:/Users/jordan/Development/rareskills/week6/DEX1CaptureEtherForge/lib/forge-std/src/interfaces/IMulticall3.sol
end_of_record

SF:/Users/jordan/Development/rareskills/week6/DEX1CaptureEtherForge/lib/forge-std/src/safeconsole.sol
DA:6,0
end_of_record

SF:/Users/jordan/Development/rareskills/week6/DEX1CaptureEtherForge/lib/openzeppelin-contracts/contracts/access/Ownable.sol
DA:29,0
DA:36,0
DA:43,0
DA:44,0
DA:50,0
DA:51,0
DA:61,0
DA:62,0
DA:69,0
DA:70,0
DA:71,0
DA:78,0
DA:79,0
DA:80,0
DA:81,0
end_of_record

SF:/Users/jordan/Development/rareskills/week6/DEX1CaptureEtherForge/lib/openzeppelin-contracts/contracts/token/ERC20/ERC20.sol
DA:38,0
DA:54,0
DA:55,0
DA:56,0
DA:62,8
DA:63,0
DA:70,0
DA:71,0
DA:87,0
DA:88,0
DA:94,4
DA:95,0
DA:101,10
DA:102,13
DA:113,0
DA:115,0
DA:122,3
DA:123,28
DA:136,22
DA:138,6
DA:139,4
DA:158,14
DA:160,6
DA:161,7
DA:162,2
DA:177,0
DA:179,0
DA:197,0
DA:199,0
DA:200,8
DA:202,0
DA:222,1
DA:223,5
DA:224,5
DA:228,14
DA:229,15
DA:231,20
DA:234,18
DA:237,11
DA:239,1
DA:251,0
DA:252,0
DA:256,0
DA:259,0
DA:261,0
DA:308,5
DA:309,5
DA:310,5
DA:312,32
DA:313,11
DA:324,6
DA:325,9
DA:326,4
DA:327,7
DA:329,9
DA:348,0
end_of_record

SF:/Users/jordan/Development/rareskills/week6/DEX1CaptureEtherForge/lib/openzeppelin-contracts/contracts/token/ERC20/IERC20.sol
end_of_record

SF:/Users/jordan/Development/rareskills/week6/DEX1CaptureEtherForge/lib/openzeppelin-contracts/contracts/token/ERC20/extensions/IERC20Metadata.sol
end_of_record

SF:/Users/jordan/Development/rareskills/week6/DEX1CaptureEtherForge/lib/openzeppelin-contracts/contracts/utils/Context.sol
DA:18,4
end_of_record

SF:/Users/jordan/Development/rareskills/week6/DEX1CaptureEtherForge/script/Counter.s.sol
DA:6,0
DA:7,0
DA:9,0
DA:10,0
end_of_record

SF:/Users/jordan/Development/rareskills/week6/DEX1CaptureEtherForge/src/Dex.sol
DA:10,50
DA:11,0
DA:12,0
DA:14,0
DA:16,0
DA:17,0
DA:18,0
DA:21,0
DA:22,0
DA:25,16
DA:26,48
DA:27,64
DA:28,10
DA:30,67
DA:31,58
DA:32,75
DA:35,5
DA:36,127
DA:39,16
DA:40,51
DA:41,55
DA:44,6
DA:45,0
DA:49,75
DA:52,0
DA:53,0
DA:55,0
DA:56,0
DA:59,18
DA:60,12
DA:61,7
end_of_record

SF:/Users/jordan/Development/rareskills/week6/DEX1CaptureEtherForge/test/Dex.t.sol
DA:7,0
DA:16,0
DA:18,0
DA:19,0
DA:20,0
DA:22,0
DA:23,0
DA:25,0
DA:26,0
DA:28,0
DA:29,0
DA:31,0
DA:32,0
DA:34,0
DA:35,0
DA:37,0
DA:38,0
DA:40,0
DA:43,0
DA:44,0
DA:45,0
DA:47,0
DA:48,0
DA:50,0
DA:51,0
DA:53,0
DA:54,0
DA:56,0
DA:57,0
DA:59,0
end_of_record

SF:/Users/jordan/Development/rareskills/week6/DEX1CaptureEtherForge/test/EchidnaTest.sol
DA:9,28
DA:10,0
DA:28,0
DA:29,0
DA:30,0
DA:32,0
DA:33,0
DA:35,0
DA:36,0
DA:38,0
DA:39,0
DA:41,0
DA:42,0
DA:44,0
DA:45,0
DA:47,0
DA:52,19
DA:55,12
DA:56,8
DA:57,6
DA:58,71
DA:60,7
DA:61,6
DA:62,72
DA:64,7
DA:67,1
DA:73,30
DA:74,57
DA:75,20
DA:76,96
DA:80,45
DA:81,49
DA:84,135
end_of_record

